<?xml version="1.0" encoding="UTF-8"?>
<testsuite name="com.dale.LogoLocoTest" tests="1" skipped="0" failures="0" errors="0" timestamp="2020-10-28T11:57:08" hostname="Dales-MBP" time="0.03">
  <properties/>
  <testcase name="getAllFromFile5()" classname="com.dale.LogoLocoTest" time="0.03"/>
  <system-out><![CDATA[



























































]]></system-out>
  <system-err><![CDATA[]]></system-err>
</testsuite>
